2025-12-16 13:48:40,802 | INFO | Connecting to Salesforce...
2025-12-16 13:48:42,164 | INFO | Connected to Salesforce
2025-12-16 13:48:42,164 | INFO | ===== STARTING EDI INGESTION =====
2025-12-16 13:48:42,164 | INFO | Processing folder: 271 EDI
2025-12-16 13:48:42,164 | INFO | Processing file: 271 EDIv1.txt
2025-12-16 13:48:43,355 | ERROR | FAILED: 271 EDIv1.txt | Resource Elixir_Data_Staging__c Not Found. Response content: [{'errorCode': 'NOT_FOUND', 'message': 'The requested resource does not exist'}]
2025-12-16 13:48:43,358 | INFO | Moved to Error: C:/RCMFILES/ErrorFiles\271 EDIv1.txt
2025-12-16 13:48:43,360 | INFO | Processing file: 271 EDIv2.txt
2025-12-16 13:48:43,673 | ERROR | FAILED: 271 EDIv2.txt | Resource Elixir_Data_Staging__c Not Found. Response content: [{'errorCode': 'NOT_FOUND', 'message': 'The requested resource does not exist'}]
2025-12-16 13:48:43,674 | INFO | Moved to Error: C:/RCMFILES/ErrorFiles\271 EDIv2.txt
2025-12-16 13:48:43,677 | INFO | Processing file: 271 EDIv3.txt
2025-12-16 13:48:43,982 | ERROR | FAILED: 271 EDIv3.txt | Resource Elixir_Data_Staging__c Not Found. Response content: [{'errorCode': 'NOT_FOUND', 'message': 'The requested resource does not exist'}]
2025-12-16 13:48:43,983 | INFO | Moved to Error: C:/RCMFILES/ErrorFiles\271 EDIv3.txt
2025-12-16 13:48:43,984 | INFO | Processing file: 271 EDIv4.txt
2025-12-16 13:48:44,289 | ERROR | FAILED: 271 EDIv4.txt | Resource Elixir_Data_Staging__c Not Found. Response content: [{'errorCode': 'NOT_FOUND', 'message': 'The requested resource does not exist'}]
2025-12-16 13:48:44,289 | INFO | Moved to Error: C:/RCMFILES/ErrorFiles\271 EDIv4.txt
2025-12-16 13:48:44,294 | INFO | Processing file: 271 EDIv5.txt
2025-12-16 13:48:44,806 | ERROR | FAILED: 271 EDIv5.txt | Resource Elixir_Data_Staging__c Not Found. Response content: [{'errorCode': 'NOT_FOUND', 'message': 'The requested resource does not exist'}]
2025-12-16 13:48:44,806 | INFO | Moved to Error: C:/RCMFILES/ErrorFiles\271 EDIv5.txt
2025-12-16 13:48:44,806 | INFO | Processing folder: 835I EDI
2025-12-16 13:48:44,806 | INFO | Processing file: 835I EDIv1.txt
2025-12-16 13:48:45,101 | ERROR | FAILED: 835I EDIv1.txt | Resource Elixir_Data_Staging__c Not Found. Response content: [{'errorCode': 'NOT_FOUND', 'message': 'The requested resource does not exist'}]
2025-12-16 13:48:45,102 | INFO | Moved to Error: C:/RCMFILES/ErrorFiles\835I EDIv1.txt
2025-12-16 13:48:45,103 | INFO | Processing file: 835I EDIv2.txt
2025-12-16 13:48:45,440 | ERROR | FAILED: 835I EDIv2.txt | Resource Elixir_Data_Staging__c Not Found. Response content: [{'errorCode': 'NOT_FOUND', 'message': 'The requested resource does not exist'}]
2025-12-16 13:48:45,440 | INFO | Moved to Error: C:/RCMFILES/ErrorFiles\835I EDIv2.txt
2025-12-16 13:48:45,440 | INFO | Processing file: 835I EDIv3.txt
2025-12-16 13:48:45,717 | ERROR | FAILED: 835I EDIv3.txt | Resource Elixir_Data_Staging__c Not Found. Response content: [{'errorCode': 'NOT_FOUND', 'message': 'The requested resource does not exist'}]
2025-12-16 13:48:45,717 | INFO | Moved to Error: C:/RCMFILES/ErrorFiles\835I EDIv3.txt
2025-12-16 13:48:45,719 | INFO | Processing file: 835I EDIv4.txt
2025-12-16 13:48:46,056 | ERROR | FAILED: 835I EDIv4.txt | Resource Elixir_Data_Staging__c Not Found. Response content: [{'errorCode': 'NOT_FOUND', 'message': 'The requested resource does not exist'}]
2025-12-16 13:48:46,056 | INFO | Moved to Error: C:/RCMFILES/ErrorFiles\835I EDIv4.txt
2025-12-16 13:48:46,056 | INFO | Processing file: 835I EDIv5.txt
2025-12-16 13:48:46,333 | ERROR | FAILED: 835I EDIv5.txt | Resource Elixir_Data_Staging__c Not Found. Response content: [{'errorCode': 'NOT_FOUND', 'message': 'The requested resource does not exist'}]
2025-12-16 13:48:46,333 | INFO | Moved to Error: C:/RCMFILES/ErrorFiles\835I EDIv5.txt
2025-12-16 13:48:46,333 | INFO | Processing folder: 835P EDI
2025-12-16 13:48:46,333 | INFO | Processing file: 835P EDIv1.txt
2025-12-16 13:48:46,610 | ERROR | FAILED: 835P EDIv1.txt | Resource Elixir_Data_Staging__c Not Found. Response content: [{'errorCode': 'NOT_FOUND', 'message': 'The requested resource does not exist'}]
2025-12-16 13:48:46,610 | INFO | Moved to Error: C:/RCMFILES/ErrorFiles\835P EDIv1.txt
2025-12-16 13:48:46,610 | INFO | Processing file: 835P EDIv2.txt
2025-12-16 13:48:46,952 | ERROR | FAILED: 835P EDIv2.txt | Resource Elixir_Data_Staging__c Not Found. Response content: [{'errorCode': 'NOT_FOUND', 'message': 'The requested resource does not exist'}]
2025-12-16 13:48:46,954 | INFO | Moved to Error: C:/RCMFILES/ErrorFiles\835P EDIv2.txt
2025-12-16 13:48:46,955 | INFO | Processing file: 835P EDIv3.txt
2025-12-16 13:48:47,296 | ERROR | FAILED: 835P EDIv3.txt | Resource Elixir_Data_Staging__c Not Found. Response content: [{'errorCode': 'NOT_FOUND', 'message': 'The requested resource does not exist'}]
2025-12-16 13:48:47,314 | INFO | Moved to Error: C:/RCMFILES/ErrorFiles\835P EDIv3.txt
2025-12-16 13:48:47,316 | INFO | Processing file: 835P EDIv4.txt
2025-12-16 13:48:47,704 | ERROR | FAILED: 835P EDIv4.txt | Resource Elixir_Data_Staging__c Not Found. Response content: [{'errorCode': 'NOT_FOUND', 'message': 'The requested resource does not exist'}]
2025-12-16 13:48:47,704 | INFO | Moved to Error: C:/RCMFILES/ErrorFiles\835P EDIv4.txt
2025-12-16 13:48:47,704 | INFO | Processing file: 835P EDIv5.txt
2025-12-16 13:48:48,038 | ERROR | FAILED: 835P EDIv5.txt | Resource Elixir_Data_Staging__c Not Found. Response content: [{'errorCode': 'NOT_FOUND', 'message': 'The requested resource does not exist'}]
2025-12-16 13:48:48,040 | INFO | Moved to Error: C:/RCMFILES/ErrorFiles\835P EDIv5.txt
2025-12-16 13:48:48,040 | INFO | Processing folder: 999 EDI
2025-12-16 13:48:48,040 | INFO | Processing file: 999 EDIv1.txt
2025-12-16 13:48:48,322 | ERROR | FAILED: 999 EDIv1.txt | Resource Elixir_Data_Staging__c Not Found. Response content: [{'errorCode': 'NOT_FOUND', 'message': 'The requested resource does not exist'}]
2025-12-16 13:48:48,322 | INFO | Moved to Error: C:/RCMFILES/ErrorFiles\999 EDIv1.txt
2025-12-16 13:48:48,322 | INFO | Processing file: 999 EDIv2.txt
2025-12-16 13:48:48,602 | ERROR | FAILED: 999 EDIv2.txt | Resource Elixir_Data_Staging__c Not Found. Response content: [{'errorCode': 'NOT_FOUND', 'message': 'The requested resource does not exist'}]
2025-12-16 13:48:48,605 | INFO | Moved to Error: C:/RCMFILES/ErrorFiles\999 EDIv2.txt
2025-12-16 13:48:48,606 | INFO | Processing file: 999 EDIv3.txt
2025-12-16 13:48:48,886 | ERROR | FAILED: 999 EDIv3.txt | Resource Elixir_Data_Staging__c Not Found. Response content: [{'errorCode': 'NOT_FOUND', 'message': 'The requested resource does not exist'}]
2025-12-16 13:48:48,886 | INFO | Moved to Error: C:/RCMFILES/ErrorFiles\999 EDIv3.txt
2025-12-16 13:48:48,886 | INFO | Processing file: 999 EDIv4.txt
2025-12-16 13:48:49,156 | ERROR | FAILED: 999 EDIv4.txt | Resource Elixir_Data_Staging__c Not Found. Response content: [{'errorCode': 'NOT_FOUND', 'message': 'The requested resource does not exist'}]
2025-12-16 13:48:49,156 | INFO | Moved to Error: C:/RCMFILES/ErrorFiles\999 EDIv4.txt
2025-12-16 13:48:49,156 | INFO | Processing file: 999 EDIv5.txt
2025-12-16 13:48:49,461 | ERROR | FAILED: 999 EDIv5.txt | Resource Elixir_Data_Staging__c Not Found. Response content: [{'errorCode': 'NOT_FOUND', 'message': 'The requested resource does not exist'}]
2025-12-16 13:48:49,462 | INFO | Moved to Error: C:/RCMFILES/ErrorFiles\999 EDIv5.txt
2025-12-16 13:48:49,462 | INFO | Processing folder: TA1
2025-12-16 13:48:49,462 | INFO | Processing file: TA1file.txt
2025-12-16 13:48:49,740 | ERROR | FAILED: TA1file.txt | Resource Elixir_Data_Staging__c Not Found. Response content: [{'errorCode': 'NOT_FOUND', 'message': 'The requested resource does not exist'}]
2025-12-16 13:48:49,742 | INFO | Moved to Error: C:/RCMFILES/ErrorFiles\TA1file.txt
2025-12-16 13:48:49,743 | INFO | ===== EDI INGESTION COMPLETED =====
2025-12-16 13:51:34,400 | INFO | Connecting to Salesforce...
2025-12-16 13:51:35,717 | INFO | Connected to Salesforce
2025-12-16 13:51:35,717 | INFO | ===== STARTING EDI INGESTION =====
2025-12-16 13:51:35,717 | INFO | Processing folder: 271 EDI
2025-12-16 13:51:35,733 | INFO | Processing file: 271 EDIv1.txt
2025-12-16 13:51:36,196 | ERROR | FAILED: 271 EDIv1.txt | Resource Elixir_Data_Staging__c Not Found. Response content: [{'errorCode': 'NOT_FOUND', 'message': 'The requested resource does not exist'}]
2025-12-16 13:51:36,196 | INFO | Moved to Error: C:/RCMFILES/ErrorFiles\271 EDIv1.txt
2025-12-16 13:51:36,196 | INFO | Processing file: 271 EDIv2.txt
2025-12-16 13:51:36,539 | ERROR | FAILED: 271 EDIv2.txt | Resource Elixir_Data_Staging__c Not Found. Response content: [{'errorCode': 'NOT_FOUND', 'message': 'The requested resource does not exist'}]
2025-12-16 13:51:36,540 | INFO | Moved to Error: C:/RCMFILES/ErrorFiles\271 EDIv2.txt
2025-12-16 13:51:36,541 | INFO | Processing file: 271 EDIv3.txt
2025-12-16 13:51:36,849 | ERROR | FAILED: 271 EDIv3.txt | Resource Elixir_Data_Staging__c Not Found. Response content: [{'errorCode': 'NOT_FOUND', 'message': 'The requested resource does not exist'}]
2025-12-16 13:51:36,849 | INFO | Moved to Error: C:/RCMFILES/ErrorFiles\271 EDIv3.txt
2025-12-16 13:51:36,863 | INFO | Processing file: 271 EDIv4.txt
2025-12-16 13:51:37,170 | ERROR | FAILED: 271 EDIv4.txt | Resource Elixir_Data_Staging__c Not Found. Response content: [{'errorCode': 'NOT_FOUND', 'message': 'The requested resource does not exist'}]
2025-12-16 13:51:37,170 | INFO | Moved to Error: C:/RCMFILES/ErrorFiles\271 EDIv4.txt
2025-12-16 13:51:37,170 | INFO | Processing file: 271 EDIv5.txt
2025-12-16 13:51:37,432 | ERROR | FAILED: 271 EDIv5.txt | Resource Elixir_Data_Staging__c Not Found. Response content: [{'errorCode': 'NOT_FOUND', 'message': 'The requested resource does not exist'}]
2025-12-16 13:51:37,443 | INFO | Moved to Error: C:/RCMFILES/ErrorFiles\271 EDIv5.txt
2025-12-16 13:51:37,443 | INFO | Processing folder: 835I EDI
2025-12-16 13:51:37,443 | INFO | Processing file: 835I EDIv1.txt
2025-12-16 13:51:37,818 | ERROR | FAILED: 835I EDIv1.txt | Resource Elixir_Data_Staging__c Not Found. Response content: [{'errorCode': 'NOT_FOUND', 'message': 'The requested resource does not exist'}]
2025-12-16 13:51:37,820 | INFO | Moved to Error: C:/RCMFILES/ErrorFiles\835I EDIv1.txt
2025-12-16 13:51:37,822 | INFO | Processing file: 835I EDIv2.txt
2025-12-16 13:51:38,118 | ERROR | FAILED: 835I EDIv2.txt | Resource Elixir_Data_Staging__c Not Found. Response content: [{'errorCode': 'NOT_FOUND', 'message': 'The requested resource does not exist'}]
2025-12-16 13:51:38,118 | INFO | Moved to Error: C:/RCMFILES/ErrorFiles\835I EDIv2.txt
2025-12-16 13:51:38,118 | INFO | Processing file: 835I EDIv3.txt
2025-12-16 13:51:38,401 | ERROR | FAILED: 835I EDIv3.txt | Resource Elixir_Data_Staging__c Not Found. Response content: [{'errorCode': 'NOT_FOUND', 'message': 'The requested resource does not exist'}]
2025-12-16 13:51:38,407 | INFO | Moved to Error: C:/RCMFILES/ErrorFiles\835I EDIv3.txt
2025-12-16 13:51:38,407 | INFO | Processing file: 835I EDIv4.txt
2025-12-16 13:51:38,701 | ERROR | FAILED: 835I EDIv4.txt | Resource Elixir_Data_Staging__c Not Found. Response content: [{'errorCode': 'NOT_FOUND', 'message': 'The requested resource does not exist'}]
2025-12-16 13:51:38,701 | INFO | Moved to Error: C:/RCMFILES/ErrorFiles\835I EDIv4.txt
2025-12-16 13:51:38,701 | INFO | Processing file: 835I EDIv5.txt
2025-12-16 13:51:38,998 | ERROR | FAILED: 835I EDIv5.txt | Resource Elixir_Data_Staging__c Not Found. Response content: [{'errorCode': 'NOT_FOUND', 'message': 'The requested resource does not exist'}]
2025-12-16 13:51:38,998 | INFO | Moved to Error: C:/RCMFILES/ErrorFiles\835I EDIv5.txt
2025-12-16 13:51:38,998 | INFO | Processing folder: 835P EDI
2025-12-16 13:51:38,998 | INFO | Processing file: 835P EDIv1.txt
2025-12-16 13:51:39,302 | ERROR | FAILED: 835P EDIv1.txt | Resource Elixir_Data_Staging__c Not Found. Response content: [{'errorCode': 'NOT_FOUND', 'message': 'The requested resource does not exist'}]
2025-12-16 13:51:39,302 | INFO | Moved to Error: C:/RCMFILES/ErrorFiles\835P EDIv1.txt
2025-12-16 13:51:39,302 | INFO | Processing file: 835P EDIv2.txt
2025-12-16 13:51:39,582 | ERROR | FAILED: 835P EDIv2.txt | Resource Elixir_Data_Staging__c Not Found. Response content: [{'errorCode': 'NOT_FOUND', 'message': 'The requested resource does not exist'}]
2025-12-16 13:51:39,598 | INFO | Moved to Error: C:/RCMFILES/ErrorFiles\835P EDIv2.txt
2025-12-16 13:51:39,598 | INFO | Processing file: 835P EDIv3.txt
2025-12-16 13:51:39,935 | ERROR | FAILED: 835P EDIv3.txt | Resource Elixir_Data_Staging__c Not Found. Response content: [{'errorCode': 'NOT_FOUND', 'message': 'The requested resource does not exist'}]
2025-12-16 13:51:39,935 | INFO | Moved to Error: C:/RCMFILES/ErrorFiles\835P EDIv3.txt
2025-12-16 13:51:39,935 | INFO | Processing file: 835P EDIv4.txt
2025-12-16 13:51:40,235 | ERROR | FAILED: 835P EDIv4.txt | Resource Elixir_Data_Staging__c Not Found. Response content: [{'errorCode': 'NOT_FOUND', 'message': 'The requested resource does not exist'}]
2025-12-16 13:51:40,235 | INFO | Moved to Error: C:/RCMFILES/ErrorFiles\835P EDIv4.txt
2025-12-16 13:51:40,235 | INFO | Processing file: 835P EDIv5.txt
2025-12-16 13:51:40,551 | ERROR | FAILED: 835P EDIv5.txt | Resource Elixir_Data_Staging__c Not Found. Response content: [{'errorCode': 'NOT_FOUND', 'message': 'The requested resource does not exist'}]
2025-12-16 13:51:40,561 | INFO | Moved to Error: C:/RCMFILES/ErrorFiles\835P EDIv5.txt
2025-12-16 13:51:40,561 | INFO | Processing folder: 999 EDI
2025-12-16 13:51:40,564 | INFO | Processing file: 999 EDIv1.txt
2025-12-16 13:51:40,835 | ERROR | FAILED: 999 EDIv1.txt | Resource Elixir_Data_Staging__c Not Found. Response content: [{'errorCode': 'NOT_FOUND', 'message': 'The requested resource does not exist'}]
2025-12-16 13:51:40,837 | INFO | Moved to Error: C:/RCMFILES/ErrorFiles\999 EDIv1.txt
2025-12-16 13:51:40,837 | INFO | Processing file: 999 EDIv2.txt
2025-12-16 13:51:41,804 | ERROR | FAILED: 999 EDIv2.txt | Resource Elixir_Data_Staging__c Not Found. Response content: [{'errorCode': 'NOT_FOUND', 'message': 'The requested resource does not exist'}]
2025-12-16 13:51:41,806 | INFO | Moved to Error: C:/RCMFILES/ErrorFiles\999 EDIv2.txt
2025-12-16 13:51:41,807 | INFO | Processing file: 999 EDIv3.txt
2025-12-16 13:51:42,075 | ERROR | FAILED: 999 EDIv3.txt | Resource Elixir_Data_Staging__c Not Found. Response content: [{'errorCode': 'NOT_FOUND', 'message': 'The requested resource does not exist'}]
2025-12-16 13:51:42,077 | INFO | Moved to Error: C:/RCMFILES/ErrorFiles\999 EDIv3.txt
2025-12-16 13:51:42,078 | INFO | Processing file: 999 EDIv4.txt
2025-12-16 13:51:42,339 | ERROR | FAILED: 999 EDIv4.txt | Resource Elixir_Data_Staging__c Not Found. Response content: [{'errorCode': 'NOT_FOUND', 'message': 'The requested resource does not exist'}]
2025-12-16 13:51:42,339 | INFO | Moved to Error: C:/RCMFILES/ErrorFiles\999 EDIv4.txt
2025-12-16 13:51:42,339 | INFO | Processing file: 999 EDIv5.txt
2025-12-16 13:51:42,671 | ERROR | FAILED: 999 EDIv5.txt | Resource Elixir_Data_Staging__c Not Found. Response content: [{'errorCode': 'NOT_FOUND', 'message': 'The requested resource does not exist'}]
2025-12-16 13:51:42,672 | INFO | Moved to Error: C:/RCMFILES/ErrorFiles\999 EDIv5.txt
2025-12-16 13:51:42,672 | INFO | Processing folder: TA1
2025-12-16 13:51:42,672 | INFO | Processing file: TA1file.txt
2025-12-16 13:51:43,019 | ERROR | FAILED: TA1file.txt | Resource Elixir_Data_Staging__c Not Found. Response content: [{'errorCode': 'NOT_FOUND', 'message': 'The requested resource does not exist'}]
2025-12-16 13:51:43,022 | INFO | Moved to Error: C:/RCMFILES/ErrorFiles\TA1file.txt
2025-12-16 13:51:43,022 | INFO | ===== EDI INGESTION COMPLETED =====
2025-12-16 13:54:07,344 | INFO | Connecting to Salesforce...
2025-12-16 13:54:08,596 | INFO | Connected to Salesforce
2025-12-16 13:54:08,596 | INFO | ===== STARTING EDI INGESTION =====
2025-12-16 13:54:08,596 | INFO | Processing folder: 271 EDI
2025-12-16 13:54:08,596 | INFO | Processing file: 271 EDIv1.txt
2025-12-16 13:54:09,179 | ERROR | FAILED: 271 EDIv1.txt | Malformed request https://alamedacountyofficeofeducation--newehrdev.sandbox.my.salesforce.com/services/data/v59.0/sobjects/Data_Staging__c/. Response content: [{'message': "No such column 'EDI_Type__c' on sobject of type Data_Staging__c", 'errorCode': 'INVALID_FIELD'}]
2025-12-16 13:54:09,179 | INFO | Moved to Error: C:/RCMFILES/ErrorFiles\271 EDIv1.txt
2025-12-16 13:54:09,179 | INFO | Processing file: 271 EDIv2.txt
2025-12-16 13:54:09,472 | ERROR | FAILED: 271 EDIv2.txt | Malformed request https://alamedacountyofficeofeducation--newehrdev.sandbox.my.salesforce.com/services/data/v59.0/sobjects/Data_Staging__c/. Response content: [{'message': "No such column 'EDI_Type__c' on sobject of type Data_Staging__c", 'errorCode': 'INVALID_FIELD'}]
2025-12-16 13:54:09,474 | INFO | Moved to Error: C:/RCMFILES/ErrorFiles\271 EDIv2.txt
2025-12-16 13:54:09,474 | INFO | Processing file: 271 EDIv3.txt
2025-12-16 13:54:10,168 | ERROR | FAILED: 271 EDIv3.txt | Malformed request https://alamedacountyofficeofeducation--newehrdev.sandbox.my.salesforce.com/services/data/v59.0/sobjects/Data_Staging__c/. Response content: [{'message': "No such column 'EDI_Type__c' on sobject of type Data_Staging__c", 'errorCode': 'INVALID_FIELD'}]
2025-12-16 13:54:10,170 | INFO | Moved to Error: C:/RCMFILES/ErrorFiles\271 EDIv3.txt
2025-12-16 13:54:10,170 | INFO | Processing file: 271 EDIv4.txt
2025-12-16 13:54:10,588 | ERROR | FAILED: 271 EDIv4.txt | Malformed request https://alamedacountyofficeofeducation--newehrdev.sandbox.my.salesforce.com/services/data/v59.0/sobjects/Data_Staging__c/. Response content: [{'message': "No such column 'EDI_Type__c' on sobject of type Data_Staging__c", 'errorCode': 'INVALID_FIELD'}]
2025-12-16 13:54:10,588 | INFO | Moved to Error: C:/RCMFILES/ErrorFiles\271 EDIv4.txt
2025-12-16 13:54:10,588 | INFO | Processing file: 271 EDIv5.txt
2025-12-16 13:54:10,933 | ERROR | FAILED: 271 EDIv5.txt | Malformed request https://alamedacountyofficeofeducation--newehrdev.sandbox.my.salesforce.com/services/data/v59.0/sobjects/Data_Staging__c/. Response content: [{'message': "No such column 'EDI_Type__c' on sobject of type Data_Staging__c", 'errorCode': 'INVALID_FIELD'}]
2025-12-16 13:54:10,933 | INFO | Moved to Error: C:/RCMFILES/ErrorFiles\271 EDIv5.txt
2025-12-16 13:54:10,933 | INFO | Processing folder: 835I EDI
2025-12-16 13:54:10,933 | INFO | Processing file: 835I EDIv1.txt
2025-12-16 13:54:11,212 | ERROR | FAILED: 835I EDIv1.txt | Malformed request https://alamedacountyofficeofeducation--newehrdev.sandbox.my.salesforce.com/services/data/v59.0/sobjects/Data_Staging__c/. Response content: [{'message': "No such column 'EDI_Type__c' on sobject of type Data_Staging__c", 'errorCode': 'INVALID_FIELD'}]
2025-12-16 13:54:11,213 | INFO | Moved to Error: C:/RCMFILES/ErrorFiles\835I EDIv1.txt
2025-12-16 13:54:11,214 | INFO | Processing file: 835I EDIv2.txt
2025-12-16 13:54:11,483 | ERROR | FAILED: 835I EDIv2.txt | Malformed request https://alamedacountyofficeofeducation--newehrdev.sandbox.my.salesforce.com/services/data/v59.0/sobjects/Data_Staging__c/. Response content: [{'message': "No such column 'EDI_Type__c' on sobject of type Data_Staging__c", 'errorCode': 'INVALID_FIELD'}]
2025-12-16 13:54:11,483 | INFO | Moved to Error: C:/RCMFILES/ErrorFiles\835I EDIv2.txt
2025-12-16 13:54:11,483 | INFO | Processing file: 835I EDIv3.txt
2025-12-16 13:54:11,714 | ERROR | FAILED: 835I EDIv3.txt | Malformed request https://alamedacountyofficeofeducation--newehrdev.sandbox.my.salesforce.com/services/data/v59.0/sobjects/Data_Staging__c/. Response content: [{'message': "No such column 'EDI_Type__c' on sobject of type Data_Staging__c", 'errorCode': 'INVALID_FIELD'}]
2025-12-16 13:54:11,716 | INFO | Moved to Error: C:/RCMFILES/ErrorFiles\835I EDIv3.txt
2025-12-16 13:54:11,716 | INFO | Processing file: 835I EDIv4.txt
2025-12-16 13:54:12,000 | ERROR | FAILED: 835I EDIv4.txt | Malformed request https://alamedacountyofficeofeducation--newehrdev.sandbox.my.salesforce.com/services/data/v59.0/sobjects/Data_Staging__c/. Response content: [{'message': "No such column 'EDI_Type__c' on sobject of type Data_Staging__c", 'errorCode': 'INVALID_FIELD'}]
2025-12-16 13:54:12,002 | INFO | Moved to Error: C:/RCMFILES/ErrorFiles\835I EDIv4.txt
2025-12-16 13:54:12,003 | INFO | Processing file: 835I EDIv5.txt
2025-12-16 13:54:12,238 | ERROR | FAILED: 835I EDIv5.txt | Malformed request https://alamedacountyofficeofeducation--newehrdev.sandbox.my.salesforce.com/services/data/v59.0/sobjects/Data_Staging__c/. Response content: [{'message': "No such column 'EDI_Type__c' on sobject of type Data_Staging__c", 'errorCode': 'INVALID_FIELD'}]
2025-12-16 13:54:12,239 | INFO | Moved to Error: C:/RCMFILES/ErrorFiles\835I EDIv5.txt
2025-12-16 13:54:12,239 | INFO | Processing folder: 835P EDI
2025-12-16 13:54:12,239 | INFO | Processing file: 835P EDIv1.txt
2025-12-16 13:54:12,500 | ERROR | FAILED: 835P EDIv1.txt | Malformed request https://alamedacountyofficeofeducation--newehrdev.sandbox.my.salesforce.com/services/data/v59.0/sobjects/Data_Staging__c/. Response content: [{'message': "No such column 'EDI_Type__c' on sobject of type Data_Staging__c", 'errorCode': 'INVALID_FIELD'}]
2025-12-16 13:54:12,500 | INFO | Moved to Error: C:/RCMFILES/ErrorFiles\835P EDIv1.txt
2025-12-16 13:54:12,500 | INFO | Processing file: 835P EDIv2.txt
2025-12-16 13:54:12,794 | ERROR | FAILED: 835P EDIv2.txt | Malformed request https://alamedacountyofficeofeducation--newehrdev.sandbox.my.salesforce.com/services/data/v59.0/sobjects/Data_Staging__c/. Response content: [{'message': "No such column 'EDI_Type__c' on sobject of type Data_Staging__c", 'errorCode': 'INVALID_FIELD'}]
2025-12-16 13:54:12,795 | INFO | Moved to Error: C:/RCMFILES/ErrorFiles\835P EDIv2.txt
2025-12-16 13:54:12,796 | INFO | Processing file: 835P EDIv3.txt
2025-12-16 13:54:13,040 | ERROR | FAILED: 835P EDIv3.txt | Malformed request https://alamedacountyofficeofeducation--newehrdev.sandbox.my.salesforce.com/services/data/v59.0/sobjects/Data_Staging__c/. Response content: [{'message': "No such column 'EDI_Type__c' on sobject of type Data_Staging__c", 'errorCode': 'INVALID_FIELD'}]
2025-12-16 13:54:13,041 | INFO | Moved to Error: C:/RCMFILES/ErrorFiles\835P EDIv3.txt
2025-12-16 13:54:13,042 | INFO | Processing file: 835P EDIv4.txt
2025-12-16 13:54:13,283 | ERROR | FAILED: 835P EDIv4.txt | Malformed request https://alamedacountyofficeofeducation--newehrdev.sandbox.my.salesforce.com/services/data/v59.0/sobjects/Data_Staging__c/. Response content: [{'message': "No such column 'EDI_Type__c' on sobject of type Data_Staging__c", 'errorCode': 'INVALID_FIELD'}]
2025-12-16 13:54:13,283 | INFO | Moved to Error: C:/RCMFILES/ErrorFiles\835P EDIv4.txt
2025-12-16 13:54:13,283 | INFO | Processing file: 835P EDIv5.txt
2025-12-16 13:54:13,585 | ERROR | FAILED: 835P EDIv5.txt | Malformed request https://alamedacountyofficeofeducation--newehrdev.sandbox.my.salesforce.com/services/data/v59.0/sobjects/Data_Staging__c/. Response content: [{'message': "No such column 'EDI_Type__c' on sobject of type Data_Staging__c", 'errorCode': 'INVALID_FIELD'}]
2025-12-16 13:54:13,586 | INFO | Moved to Error: C:/RCMFILES/ErrorFiles\835P EDIv5.txt
2025-12-16 13:54:13,587 | INFO | Processing folder: 999 EDI
2025-12-16 13:54:13,587 | INFO | Processing file: 999 EDIv1.txt
2025-12-16 13:54:13,849 | ERROR | FAILED: 999 EDIv1.txt | Malformed request https://alamedacountyofficeofeducation--newehrdev.sandbox.my.salesforce.com/services/data/v59.0/sobjects/Data_Staging__c/. Response content: [{'message': "No such column 'EDI_Type__c' on sobject of type Data_Staging__c", 'errorCode': 'INVALID_FIELD'}]
2025-12-16 13:54:13,849 | INFO | Moved to Error: C:/RCMFILES/ErrorFiles\999 EDIv1.txt
2025-12-16 13:54:13,849 | INFO | Processing file: 999 EDIv2.txt
2025-12-16 13:54:14,168 | ERROR | FAILED: 999 EDIv2.txt | Malformed request https://alamedacountyofficeofeducation--newehrdev.sandbox.my.salesforce.com/services/data/v59.0/sobjects/Data_Staging__c/. Response content: [{'message': "No such column 'EDI_Type__c' on sobject of type Data_Staging__c", 'errorCode': 'INVALID_FIELD'}]
2025-12-16 13:54:14,171 | INFO | Moved to Error: C:/RCMFILES/ErrorFiles\999 EDIv2.txt
2025-12-16 13:54:14,172 | INFO | Processing file: 999 EDIv3.txt
2025-12-16 13:54:14,443 | ERROR | FAILED: 999 EDIv3.txt | Malformed request https://alamedacountyofficeofeducation--newehrdev.sandbox.my.salesforce.com/services/data/v59.0/sobjects/Data_Staging__c/. Response content: [{'message': "No such column 'EDI_Type__c' on sobject of type Data_Staging__c", 'errorCode': 'INVALID_FIELD'}]
2025-12-16 13:54:14,445 | INFO | Moved to Error: C:/RCMFILES/ErrorFiles\999 EDIv3.txt
2025-12-16 13:54:14,445 | INFO | Processing file: 999 EDIv4.txt
2025-12-16 13:54:14,717 | ERROR | FAILED: 999 EDIv4.txt | Malformed request https://alamedacountyofficeofeducation--newehrdev.sandbox.my.salesforce.com/services/data/v59.0/sobjects/Data_Staging__c/. Response content: [{'message': "No such column 'EDI_Type__c' on sobject of type Data_Staging__c", 'errorCode': 'INVALID_FIELD'}]
2025-12-16 13:54:14,718 | INFO | Moved to Error: C:/RCMFILES/ErrorFiles\999 EDIv4.txt
2025-12-16 13:54:14,718 | INFO | Processing file: 999 EDIv5.txt
2025-12-16 13:54:14,995 | ERROR | FAILED: 999 EDIv5.txt | Malformed request https://alamedacountyofficeofeducation--newehrdev.sandbox.my.salesforce.com/services/data/v59.0/sobjects/Data_Staging__c/. Response content: [{'message': "No such column 'EDI_Type__c' on sobject of type Data_Staging__c", 'errorCode': 'INVALID_FIELD'}]
2025-12-16 13:54:14,996 | INFO | Moved to Error: C:/RCMFILES/ErrorFiles\999 EDIv5.txt
2025-12-16 13:54:14,997 | INFO | Processing folder: TA1
2025-12-16 13:54:14,997 | INFO | Processing file: TA1file.txt
2025-12-16 13:54:15,267 | ERROR | FAILED: TA1file.txt | Malformed request https://alamedacountyofficeofeducation--newehrdev.sandbox.my.salesforce.com/services/data/v59.0/sobjects/Data_Staging__c/. Response content: [{'message': "No such column 'EDI_Type__c' on sobject of type Data_Staging__c", 'errorCode': 'INVALID_FIELD'}]
2025-12-16 13:54:15,267 | INFO | Moved to Error: C:/RCMFILES/ErrorFiles\TA1file.txt
2025-12-16 13:54:15,267 | INFO | ===== EDI INGESTION COMPLETED =====
2025-12-16 14:00:21,106 | INFO | Connecting to Salesforce...
2025-12-16 14:00:22,685 | INFO | Connected to Salesforce
2025-12-16 14:00:22,685 | INFO | ===== STARTING EDI INGESTION =====
2025-12-16 14:00:22,687 | INFO | Processing folder: 271 EDI
2025-12-16 14:00:22,687 | INFO | Processing file: 271 EDIv1.txt
2025-12-16 14:00:23,245 | ERROR | FAILED: 271 EDIv1.txt | Malformed request https://alamedacountyofficeofeducation--newehrdev.sandbox.my.salesforce.com/services/data/v59.0/sobjects/Data_Staging__c/. Response content: [{'message': 'bad value for restricted picklist field: 271 EDI', 'errorCode': 'INVALID_OR_NULL_FOR_RESTRICTED_PICKLIST', 'fields': ['EDI_Type__c']}]
2025-12-16 14:00:23,245 | INFO | Moved to Error: C:/RCMFILES/ErrorFiles\271 EDIv1.txt
2025-12-16 14:00:23,245 | INFO | Processing file: 271 EDIv2.txt
2025-12-16 14:00:23,572 | ERROR | FAILED: 271 EDIv2.txt | Malformed request https://alamedacountyofficeofeducation--newehrdev.sandbox.my.salesforce.com/services/data/v59.0/sobjects/Data_Staging__c/. Response content: [{'message': 'bad value for restricted picklist field: 271 EDI', 'errorCode': 'INVALID_OR_NULL_FOR_RESTRICTED_PICKLIST', 'fields': ['EDI_Type__c']}]
2025-12-16 14:00:23,573 | INFO | Moved to Error: C:/RCMFILES/ErrorFiles\271 EDIv2.txt
2025-12-16 14:00:23,574 | INFO | Processing file: 271 EDIv3.txt
2025-12-16 14:00:23,918 | ERROR | FAILED: 271 EDIv3.txt | Malformed request https://alamedacountyofficeofeducation--newehrdev.sandbox.my.salesforce.com/services/data/v59.0/sobjects/Data_Staging__c/. Response content: [{'message': 'bad value for restricted picklist field: 271 EDI', 'errorCode': 'INVALID_OR_NULL_FOR_RESTRICTED_PICKLIST', 'fields': ['EDI_Type__c']}]
2025-12-16 14:00:23,918 | INFO | Moved to Error: C:/RCMFILES/ErrorFiles\271 EDIv3.txt
2025-12-16 14:00:23,918 | INFO | Processing file: 271 EDIv4.txt
2025-12-16 14:00:24,264 | ERROR | FAILED: 271 EDIv4.txt | Malformed request https://alamedacountyofficeofeducation--newehrdev.sandbox.my.salesforce.com/services/data/v59.0/sobjects/Data_Staging__c/. Response content: [{'message': 'bad value for restricted picklist field: 271 EDI', 'errorCode': 'INVALID_OR_NULL_FOR_RESTRICTED_PICKLIST', 'fields': ['EDI_Type__c']}]
2025-12-16 14:00:24,264 | INFO | Moved to Error: C:/RCMFILES/ErrorFiles\271 EDIv4.txt
2025-12-16 14:00:24,264 | INFO | Processing file: 271 EDIv5.txt
2025-12-16 14:00:24,605 | ERROR | FAILED: 271 EDIv5.txt | Malformed request https://alamedacountyofficeofeducation--newehrdev.sandbox.my.salesforce.com/services/data/v59.0/sobjects/Data_Staging__c/. Response content: [{'message': 'bad value for restricted picklist field: 271 EDI', 'errorCode': 'INVALID_OR_NULL_FOR_RESTRICTED_PICKLIST', 'fields': ['EDI_Type__c']}]
2025-12-16 14:00:24,606 | INFO | Moved to Error: C:/RCMFILES/ErrorFiles\271 EDIv5.txt
2025-12-16 14:00:24,606 | INFO | Processing folder: 835I EDI
2025-12-16 14:00:24,607 | INFO | Processing file: 835I EDIv1.txt
2025-12-16 14:00:25,012 | INFO | Data Staging created: a3sOv00000KEMErIAP
2025-12-16 14:00:28,091 | INFO | Attached file: 835I EDIv1.txt
2025-12-16 14:00:28,119 | INFO | SUCCESS: 835I EDIv1.txt
2025-12-16 14:00:28,119 | INFO | Processing file: 835I EDIv2.txt
2025-12-16 14:00:28,500 | INFO | Data Staging created: a3sOv00000KEMGTIA5
2025-12-16 14:00:31,499 | INFO | Attached file: 835I EDIv2.txt
2025-12-16 14:00:31,499 | INFO | SUCCESS: 835I EDIv2.txt
2025-12-16 14:00:31,499 | INFO | Processing file: 835I EDIv3.txt
2025-12-16 14:00:32,321 | INFO | Data Staging created: a3sOv00000KEMI5IAP
2025-12-16 14:00:34,845 | INFO | Attached file: 835I EDIv3.txt
2025-12-16 14:00:34,853 | INFO | SUCCESS: 835I EDIv3.txt
2025-12-16 14:00:34,853 | INFO | Processing file: 835I EDIv4.txt
2025-12-16 14:00:35,334 | INFO | Data Staging created: a3sOv00000KEMJhIAP
2025-12-16 14:00:37,729 | INFO | Attached file: 835I EDIv4.txt
2025-12-16 14:00:37,739 | INFO | SUCCESS: 835I EDIv4.txt
2025-12-16 14:00:37,739 | INFO | Processing file: 835I EDIv5.txt
2025-12-16 14:00:38,065 | INFO | Data Staging created: a3sOv00000KELIsIAP
2025-12-16 14:00:40,117 | INFO | Attached file: 835I EDIv5.txt
2025-12-16 14:00:40,121 | INFO | SUCCESS: 835I EDIv5.txt
2025-12-16 14:00:40,121 | INFO | Processing folder: 835P EDI
2025-12-16 14:00:40,121 | INFO | Processing file: 835P EDIv1.txt
2025-12-16 14:00:40,443 | INFO | Data Staging created: a3sOv00000KEMLJIA5
2025-12-16 14:00:42,319 | INFO | Attached file: 835P EDIv1.txt
2025-12-16 14:00:42,322 | INFO | SUCCESS: 835P EDIv1.txt
2025-12-16 14:00:42,322 | INFO | Processing file: 835P EDIv2.txt
2025-12-16 14:00:42,763 | INFO | Data Staging created: a3sOv00000KEMMvIAP
2025-12-16 14:00:44,791 | INFO | Attached file: 835P EDIv2.txt
2025-12-16 14:00:44,797 | INFO | SUCCESS: 835P EDIv2.txt
2025-12-16 14:00:44,798 | INFO | Processing file: 835P EDIv3.txt
2025-12-16 14:00:45,152 | INFO | Data Staging created: a3sOv00000KEMOXIA5
2025-12-16 14:00:47,266 | INFO | Attached file: 835P EDIv3.txt
2025-12-16 14:00:47,266 | INFO | SUCCESS: 835P EDIv3.txt
2025-12-16 14:00:47,266 | INFO | Processing file: 835P EDIv4.txt
2025-12-16 14:00:47,597 | INFO | Data Staging created: a3sOv00000KEMQ9IAP
2025-12-16 14:00:50,078 | INFO | Attached file: 835P EDIv4.txt
2025-12-16 14:00:50,079 | INFO | SUCCESS: 835P EDIv4.txt
2025-12-16 14:00:50,079 | INFO | Processing file: 835P EDIv5.txt
2025-12-16 14:00:50,413 | INFO | Data Staging created: a3sOv00000KEGUWIA5
2025-12-16 14:00:52,350 | INFO | Attached file: 835P EDIv5.txt
2025-12-16 14:00:52,362 | INFO | SUCCESS: 835P EDIv5.txt
2025-12-16 14:00:52,362 | INFO | Processing folder: 999 EDI
2025-12-16 14:00:52,368 | INFO | Processing file: 999 EDIv1.txt
2025-12-16 14:00:52,642 | ERROR | FAILED: 999 EDIv1.txt | Malformed request https://alamedacountyofficeofeducation--newehrdev.sandbox.my.salesforce.com/services/data/v59.0/sobjects/Data_Staging__c/. Response content: [{'message': 'bad value for restricted picklist field: 999 EDI', 'errorCode': 'INVALID_OR_NULL_FOR_RESTRICTED_PICKLIST', 'fields': ['EDI_Type__c']}]
2025-12-16 14:00:52,645 | INFO | Moved to Error: C:/RCMFILES/ErrorFiles\999 EDIv1.txt
2025-12-16 14:00:52,645 | INFO | Processing file: 999 EDIv2.txt
2025-12-16 14:00:52,916 | ERROR | FAILED: 999 EDIv2.txt | Malformed request https://alamedacountyofficeofeducation--newehrdev.sandbox.my.salesforce.com/services/data/v59.0/sobjects/Data_Staging__c/. Response content: [{'message': 'bad value for restricted picklist field: 999 EDI', 'errorCode': 'INVALID_OR_NULL_FOR_RESTRICTED_PICKLIST', 'fields': ['EDI_Type__c']}]
2025-12-16 14:00:52,916 | INFO | Moved to Error: C:/RCMFILES/ErrorFiles\999 EDIv2.txt
2025-12-16 14:00:52,916 | INFO | Processing file: 999 EDIv3.txt
2025-12-16 14:00:53,201 | ERROR | FAILED: 999 EDIv3.txt | Malformed request https://alamedacountyofficeofeducation--newehrdev.sandbox.my.salesforce.com/services/data/v59.0/sobjects/Data_Staging__c/. Response content: [{'message': 'bad value for restricted picklist field: 999 EDI', 'errorCode': 'INVALID_OR_NULL_FOR_RESTRICTED_PICKLIST', 'fields': ['EDI_Type__c']}]
2025-12-16 14:00:53,202 | INFO | Moved to Error: C:/RCMFILES/ErrorFiles\999 EDIv3.txt
2025-12-16 14:00:53,203 | INFO | Processing file: 999 EDIv4.txt
2025-12-16 14:00:53,518 | ERROR | FAILED: 999 EDIv4.txt | Malformed request https://alamedacountyofficeofeducation--newehrdev.sandbox.my.salesforce.com/services/data/v59.0/sobjects/Data_Staging__c/. Response content: [{'message': 'bad value for restricted picklist field: 999 EDI', 'errorCode': 'INVALID_OR_NULL_FOR_RESTRICTED_PICKLIST', 'fields': ['EDI_Type__c']}]
2025-12-16 14:00:53,519 | INFO | Moved to Error: C:/RCMFILES/ErrorFiles\999 EDIv4.txt
2025-12-16 14:00:53,519 | INFO | Processing file: 999 EDIv5.txt
2025-12-16 14:00:53,792 | ERROR | FAILED: 999 EDIv5.txt | Malformed request https://alamedacountyofficeofeducation--newehrdev.sandbox.my.salesforce.com/services/data/v59.0/sobjects/Data_Staging__c/. Response content: [{'message': 'bad value for restricted picklist field: 999 EDI', 'errorCode': 'INVALID_OR_NULL_FOR_RESTRICTED_PICKLIST', 'fields': ['EDI_Type__c']}]
2025-12-16 14:00:53,793 | INFO | Moved to Error: C:/RCMFILES/ErrorFiles\999 EDIv5.txt
2025-12-16 14:00:53,794 | INFO | Processing folder: TA1
2025-12-16 14:00:53,794 | INFO | Processing file: TA1file.txt
2025-12-16 14:00:54,512 | ERROR | FAILED: TA1file.txt | Malformed request https://alamedacountyofficeofeducation--newehrdev.sandbox.my.salesforce.com/services/data/v59.0/sobjects/Data_Staging__c/. Response content: [{'message': 'bad value for restricted picklist field: TA1', 'errorCode': 'INVALID_OR_NULL_FOR_RESTRICTED_PICKLIST', 'fields': ['EDI_Type__c']}]
2025-12-16 14:00:54,512 | INFO | Moved to Error: C:/RCMFILES/ErrorFiles\TA1file.txt
2025-12-16 14:00:54,512 | INFO | ===== EDI INGESTION COMPLETED =====
2025-12-16 14:40:20,947 | INFO | Connecting to Salesforce...
2025-12-16 14:40:23,106 | INFO | Connected to Salesforce
2025-12-16 14:40:23,106 | INFO | ===== STARTING EDI INGESTION =====
2025-12-16 14:40:23,108 | INFO | Processing folder: 271 EDI
2025-12-16 14:40:23,110 | INFO | Processing file: 271 EDIv1.txt
2025-12-16 14:40:23,783 | INFO | Data Staging created: a3sOv00000KEQ8nIAH
2025-12-16 14:40:29,164 | INFO | Attached file: 271 EDIv1.txt
2025-12-16 14:40:29,185 | INFO | SUCCESS: 271 EDIv1.txt
2025-12-16 14:40:29,185 | INFO | Processing file: 271 EDIv2.txt
2025-12-16 14:40:29,922 | INFO | Data Staging created: a3sOv00000KEQAPIA5
2025-12-16 14:40:35,575 | INFO | Attached file: 271 EDIv2.txt
2025-12-16 14:40:35,590 | INFO | SUCCESS: 271 EDIv2.txt
2025-12-16 14:40:35,591 | INFO | Processing file: 271 EDIv3.txt
2025-12-16 14:40:36,039 | INFO | Data Staging created: a3sOv00000KEQC1IAP
2025-12-16 14:40:38,831 | INFO | Attached file: 271 EDIv3.txt
2025-12-16 14:40:38,841 | INFO | SUCCESS: 271 EDIv3.txt
2025-12-16 14:40:38,841 | INFO | Processing file: 271 EDIv4.txt
2025-12-16 14:40:39,975 | INFO | Data Staging created: a3sOv00000KEQDdIAP
2025-12-16 14:40:44,865 | INFO | Attached file: 271 EDIv4.txt
2025-12-16 14:40:44,885 | INFO | SUCCESS: 271 EDIv4.txt
2025-12-16 14:40:44,885 | INFO | Processing file: 271 EDIv5.txt
2025-12-16 14:40:45,397 | INFO | Data Staging created: a3sOv00000KEOoYIAX
2025-12-16 14:40:50,431 | INFO | Attached file: 271 EDIv5.txt
2025-12-16 14:40:50,448 | INFO | SUCCESS: 271 EDIv5.txt
2025-12-16 14:40:50,448 | INFO | Processing folder: 835I EDI
2025-12-16 14:40:50,450 | INFO | Processing file: 835I EDIv1.txt
2025-12-16 14:40:51,017 | INFO | Data Staging created: a3sOv00000KEKsTIAX
2025-12-16 14:40:56,105 | INFO | Attached file: 835I EDIv1.txt
2025-12-16 14:40:56,118 | INFO | SUCCESS: 835I EDIv1.txt
2025-12-16 14:40:56,118 | INFO | Processing file: 835I EDIv2.txt
2025-12-16 14:40:56,497 | INFO | Data Staging created: a3sOv00000KEQITIA5
2025-12-16 14:40:59,175 | INFO | Attached file: 835I EDIv2.txt
2025-12-16 14:40:59,189 | INFO | SUCCESS: 835I EDIv2.txt
2025-12-16 14:40:59,191 | INFO | Processing file: 835I EDIv3.txt
2025-12-16 14:40:59,727 | INFO | Data Staging created: a3sOv00000KEQK5IAP
2025-12-16 14:41:06,895 | INFO | Attached file: 835I EDIv3.txt
2025-12-16 14:41:06,910 | INFO | SUCCESS: 835I EDIv3.txt
2025-12-16 14:41:06,910 | INFO | Processing file: 835I EDIv4.txt
2025-12-16 14:41:07,297 | INFO | Data Staging created: a3sOv00000KEQLhIAP
2025-12-16 14:41:13,031 | INFO | Attached file: 835I EDIv4.txt
2025-12-16 14:41:13,031 | INFO | SUCCESS: 835I EDIv4.txt
2025-12-16 14:41:13,044 | INFO | Processing file: 835I EDIv5.txt
2025-12-16 14:41:13,543 | INFO | Data Staging created: a3sOv00000KEQNJIA5
2025-12-16 14:41:17,130 | INFO | Attached file: 835I EDIv5.txt
2025-12-16 14:41:17,140 | INFO | SUCCESS: 835I EDIv5.txt
2025-12-16 14:41:17,142 | INFO | Processing folder: 835P EDI
2025-12-16 14:41:17,142 | INFO | Processing file: 835P EDIv1.txt
2025-12-16 14:41:17,695 | INFO | Data Staging created: a3sOv00000KEQOvIAP
2025-12-16 14:41:20,612 | INFO | Attached file: 835P EDIv1.txt
2025-12-16 14:41:20,623 | INFO | SUCCESS: 835P EDIv1.txt
2025-12-16 14:41:20,623 | INFO | Processing file: 835P EDIv2.txt
2025-12-16 14:41:21,233 | INFO | Data Staging created: a3sOv00000KEQQXIA5
2025-12-16 14:41:24,104 | INFO | Attached file: 835P EDIv2.txt
2025-12-16 14:41:24,115 | INFO | SUCCESS: 835P EDIv2.txt
2025-12-16 14:41:24,115 | INFO | Processing file: 835P EDIv3.txt
2025-12-16 14:41:24,549 | INFO | Data Staging created: a3sOv00000KEItRIAX
2025-12-16 14:41:28,901 | INFO | Attached file: 835P EDIv3.txt
2025-12-16 14:41:28,907 | INFO | SUCCESS: 835P EDIv3.txt
2025-12-16 14:41:28,907 | INFO | Processing file: 835P EDIv4.txt
2025-12-16 14:41:29,305 | INFO | Data Staging created: a3sOv00000KEQS9IAP
2025-12-16 14:41:32,094 | INFO | Attached file: 835P EDIv4.txt
2025-12-16 14:41:32,105 | INFO | SUCCESS: 835P EDIv4.txt
2025-12-16 14:41:32,105 | INFO | Processing file: 835P EDIv5.txt
2025-12-16 14:41:32,579 | INFO | Data Staging created: a3sOv00000KEQTlIAP
2025-12-16 14:41:37,072 | INFO | Attached file: 835P EDIv5.txt
2025-12-16 14:41:37,081 | INFO | SUCCESS: 835P EDIv5.txt
2025-12-16 14:41:37,081 | INFO | Processing folder: 999 EDI
2025-12-16 14:41:37,085 | INFO | Processing file: 999 EDIv1.txt
2025-12-16 14:41:37,638 | INFO | Data Staging created: a3sOv00000KEQVNIA5
2025-12-16 14:41:41,843 | INFO | Attached file: 999 EDIv1.txt
2025-12-16 14:41:41,856 | INFO | SUCCESS: 999 EDIv1.txt
2025-12-16 14:41:41,858 | INFO | Processing file: 999 EDIv2.txt
2025-12-16 14:41:42,625 | INFO | Data Staging created: a3sOv00000KEQYbIAP
2025-12-16 14:41:47,451 | INFO | Attached file: 999 EDIv2.txt
2025-12-16 14:41:47,461 | INFO | SUCCESS: 999 EDIv2.txt
2025-12-16 14:41:47,464 | INFO | Processing file: 999 EDIv3.txt
2025-12-16 14:41:48,122 | INFO | Data Staging created: a3sOv00000KEQaDIAX
2025-12-16 14:41:51,748 | INFO | Attached file: 999 EDIv3.txt
2025-12-16 14:41:51,754 | INFO | SUCCESS: 999 EDIv3.txt
2025-12-16 14:41:51,755 | INFO | Processing file: 999 EDIv4.txt
2025-12-16 14:41:52,212 | INFO | Data Staging created: a3sOv00000KEQbpIAH
2025-12-16 14:41:58,192 | INFO | Attached file: 999 EDIv4.txt
2025-12-16 14:41:58,202 | INFO | SUCCESS: 999 EDIv4.txt
2025-12-16 14:41:58,204 | INFO | Processing file: 999 EDIv5.txt
2025-12-16 14:41:58,805 | INFO | Data Staging created: a3sOv00000KEQf3IAH
2025-12-16 14:42:02,083 | INFO | Attached file: 999 EDIv5.txt
2025-12-16 14:42:02,095 | INFO | SUCCESS: 999 EDIv5.txt
2025-12-16 14:42:02,098 | INFO | Processing folder: TA1
2025-12-16 14:42:02,100 | INFO | Processing file: TA1file.txt
2025-12-16 14:42:02,920 | INFO | Data Staging created: a3sOv00000KEQgfIAH
2025-12-16 14:42:05,533 | INFO | Attached file: TA1file.txt
2025-12-16 14:42:05,545 | INFO | SUCCESS: TA1file.txt
2025-12-16 14:42:05,547 | INFO | ===== EDI INGESTION COMPLETED =====
2025-12-17 10:51:45,747 | INFO | Connecting to Salesforce...
2025-12-17 10:51:51,535 | INFO | Connected to Salesforce
2025-12-17 10:51:51,538 | INFO | ===== STARTING EDI INGESTION =====
2025-12-17 10:51:51,543 | INFO | Processing folder: 271 EDI
2025-12-17 10:51:51,548 | INFO | Processing file: 271 EDIv3.txt
2025-12-17 10:51:52,727 | INFO | Data Staging created: a3sOv00000KFFMbIAP
2025-12-17 10:51:59,033 | INFO | Attached file: 271 EDIv3.txt
2025-12-17 10:51:59,141 | INFO | SUCCESS: 271 EDIv3.txt
2025-12-17 10:51:59,141 | INFO | Processing folder: 835I EDI
2025-12-17 10:51:59,141 | INFO | Processing file: 835I EDIv1.txt
2025-12-17 10:51:59,811 | INFO | Data Staging created: a3sOv00000KFFODIA5
2025-12-17 10:52:02,722 | INFO | Attached file: 835I EDIv1.txt
2025-12-17 10:52:02,736 | INFO | SUCCESS: 835I EDIv1.txt
2025-12-17 10:52:02,740 | INFO | Processing file: sample_file_1_13MB.txt
2025-12-17 10:52:03,261 | INFO | Data Staging created: a3sOv00000KFFJPIA5
2025-12-17 10:52:10,333 | INFO | Attached file: sample_file_1_13MB.txt
2025-12-17 10:52:10,342 | INFO | SUCCESS: sample_file_1_13MB.txt
2025-12-17 10:52:10,342 | INFO | Processing folder: 835P EDI
2025-12-17 10:52:10,345 | INFO | Processing file: 835P EDIv4.txt
2025-12-17 10:52:10,747 | INFO | Data Staging created: a3sOv00000KFFPpIAP
2025-12-17 10:52:13,985 | INFO | Attached file: 835P EDIv4.txt
2025-12-17 10:52:13,989 | INFO | SUCCESS: 835P EDIv4.txt
2025-12-17 10:52:13,991 | INFO | Processing file: sample_file_2_13MB.txt
2025-12-17 10:52:14,347 | INFO | Data Staging created: a3sOv00000KFFRRIA5
2025-12-17 10:52:21,142 | INFO | Attached file: sample_file_2_13MB.txt
2025-12-17 10:52:21,161 | INFO | SUCCESS: sample_file_2_13MB.txt
2025-12-17 10:52:21,161 | INFO | Processing folder: 999 EDI
2025-12-17 10:52:21,164 | INFO | Processing file: 999 EDIv4.txt
2025-12-17 10:52:21,562 | INFO | Data Staging created: a3sOv00000KFFT3IAP
2025-12-17 10:52:23,305 | INFO | Attached file: 999 EDIv4.txt
2025-12-17 10:52:23,317 | INFO | SUCCESS: 999 EDIv4.txt
2025-12-17 10:52:23,319 | INFO | Processing folder: TA1
2025-12-17 10:52:23,322 | INFO | Processing file: TA1file.txt
2025-12-17 10:52:23,929 | INFO | Data Staging created: a3sOv00000KFFUfIAP
2025-12-17 10:52:26,067 | INFO | Attached file: TA1file.txt
2025-12-17 10:52:26,073 | INFO | SUCCESS: TA1file.txt
2025-12-17 10:52:26,075 | INFO | ===== EDI INGESTION COMPLETED =====
2026-01-02 13:43:10,679 | INFO | Connecting to Salesforce...
2026-01-02 13:43:12,137 | INFO | Connected to Salesforce
2026-01-02 13:43:12,138 | INFO | ===== STARTING EDI INGESTION =====
2026-01-02 13:43:12,139 | INFO | Processing folder: 271 EDI
2026-01-02 13:43:12,139 | INFO | Processing file: 271 EDIv1.txt
2026-01-02 13:43:13,030 | INFO | Data Staging created: a3sOv00000KeSbZIAV
2026-01-02 13:43:17,661 | INFO | Attached file: 271 EDIv1.txt
2026-01-02 13:43:17,713 | INFO | SUCCESS: 271 EDIv1.txt
2026-01-02 13:43:17,714 | INFO | Processing file: 271 EDIv2.txt
2026-01-02 13:43:18,136 | INFO | Data Staging created: a3sOv00000KeSdBIAV
2026-01-02 13:43:20,584 | INFO | Attached file: 271 EDIv2.txt
2026-01-02 13:43:20,587 | INFO | SUCCESS: 271 EDIv2.txt
2026-01-02 13:43:20,588 | INFO | Processing file: 271 EDIv3.txt
2026-01-02 13:43:20,944 | INFO | Data Staging created: a3sOv00000KeSenIAF
2026-01-02 13:43:23,382 | INFO | Attached file: 271 EDIv3.txt
2026-01-02 13:43:23,389 | INFO | SUCCESS: 271 EDIv3.txt
2026-01-02 13:43:23,390 | INFO | Processing folder: 835I EDI
2026-01-02 13:43:23,391 | INFO | Processing file: 835I EDIv2.txt
2026-01-02 13:43:23,759 | INFO | Data Staging created: a3sOv00000KeSi1IAF
2026-01-02 13:43:26,279 | INFO | Attached file: 835I EDIv2.txt
2026-01-02 13:43:26,282 | INFO | SUCCESS: 835I EDIv2.txt
2026-01-02 13:43:26,283 | INFO | Processing file: 835I EDIv3.txt
2026-01-02 13:43:26,592 | INFO | Data Staging created: a3sOv00000KeSjdIAF
2026-01-02 13:43:28,450 | INFO | Attached file: 835I EDIv3.txt
2026-01-02 13:43:28,457 | INFO | SUCCESS: 835I EDIv3.txt
2026-01-02 13:43:28,458 | INFO | Processing folder: 835P EDI
2026-01-02 13:43:28,459 | INFO | Processing file: 835P EDIv1.txt
2026-01-02 13:43:28,810 | INFO | Data Staging created: a3sOv00000KeSlFIAV
2026-01-02 13:43:30,942 | INFO | Attached file: 835P EDIv1.txt
2026-01-02 13:43:30,947 | INFO | SUCCESS: 835P EDIv1.txt
2026-01-02 13:43:30,947 | INFO | Processing file: 835P EDIv2.txt
2026-01-02 13:43:31,305 | INFO | Data Staging created: a3sOv00000KeSmrIAF
2026-01-02 13:43:33,144 | INFO | Attached file: 835P EDIv2.txt
2026-01-02 13:43:33,151 | INFO | SUCCESS: 835P EDIv2.txt
2026-01-02 13:43:33,151 | INFO | Processing folder: 999 EDI
2026-01-02 13:43:33,152 | INFO | Processing folder: TA1
2026-01-02 13:43:33,153 | INFO | Processing file: TA1file.txt
2026-01-02 13:43:33,495 | INFO | Data Staging created: a3sOv00000KeSoTIAV
2026-01-02 13:43:35,269 | INFO | Attached file: TA1file.txt
2026-01-02 13:43:35,273 | INFO | SUCCESS: TA1file.txt
2026-01-02 13:43:35,274 | INFO | ===== EDI INGESTION COMPLETED =====
